#
# There is insufficient memory for the Java Runtime Environment to continue.
# Native memory allocation (malloc) failed to allocate 1048576 bytes for AllocateHeap
# Possible reasons:
#   The system is out of physical RAM or swap space
#   In 32 bit mode, the process size limit was hit
# Possible solutions:
#   Reduce memory load on the system
#   Increase physical memory or swap space
#   Check if swap backing store is full
#   Use 64 bit Java on a 64 bit OS
#   Decrease Java heap size (-Xmx/-Xms)
#   Decrease number of Java threads
#   Decrease Java thread stack sizes (-Xss)
#   Set larger code cache with -XX:ReservedCodeCacheSize=
# This output file may be truncated or incomplete.
#
#  Out of Memory Error (memory/allocation.inline.hpp:61), pid=6340, tid=0x0000000000000578
#
# JRE version:  (8.0_101-b13) (build )
# Java VM: Java HotSpot(TM) 64-Bit Server VM (25.101-b13 mixed mode windows-amd64 compressed oops)
# Failed to write core dump. Minidumps are not enabled by default on client versions of Windows
#

---------------  T H R E A D  ---------------

Current thread (0x0000000002ee2800):  JavaThread "Unknown thread" [_thread_in_vm, id=1400, stack(0x0000000002be0000,0x0000000002ce0000)]

Stack: [0x0000000002be0000,0x0000000002ce0000]
[error occurred during error reporting (printing stack bounds), id 0xc0000005]

Native frames: (J=compiled Java code, j=interpreted, Vv=VM code, C=native code)


---------------  P R O C E S S  ---------------

Java Threads: ( => current thread )

Other Threads:

=>0x0000000002ee2800 (exited) JavaThread "Unknown thread" [_thread_in_vm, id=1400, stack(0x0000000002be0000,0x0000000002ce0000)]

VM state:not at safepoint (normal execution)

VM Mutex/Monitor currently owned by a thread: None

Heap:
 PSYoungGen      total 38400K, used 665K [0x00000000eab00000, 0x00000000ed580000, 0x0000000100000000)
  eden space 33280K, 2% used [0x00000000eab00000,0x00000000eaba6670,0x00000000ecb80000)
  from space 5120K, 0% used [0x00000000ed080000,0x00000000ed080000,0x00000000ed580000)
  to   space 5120K, 0% used [0x00000000ecb80000,0x00000000ecb80000,0x00000000ed080000)
 ParOldGen       total 87552K, used 0K [0x00000000c0000000, 0x00000000c5580000, 0x00000000eab00000)
  object space 87552K, 0% used [0x00000000c0000000,0x00000000c0000000,0x00000000c5580000)
 Metaspace       used 769K, capacity 4480K, committed 4480K, reserved 1056768K
  class space    used 75K, capacity 384K, committed 384K, reserved 1048576K

Card table byte_map: [0x00000000123a0000,0x00000000125b0000] byte_map_base: 0x0000000011da0000

Marking Bits: (ParMarkBitMap*) 0x000000006854a6d0
 Begin Bits: [0x0000000012b10000, 0x0000000013b10000)
 End Bits:   [0x0000000013b10000, 0x0000000014b10000)

Polling page: 0x0000000002b70000

CodeCache: size=245760Kb used=328Kb max_used=328Kb free=245431Kb
 bounds [0x0000000002fe0000, 0x0000000003250000, 0x0000000011fe0000]
 total_blobs=58 nmethods=0 adapters=38
 compilation: enabled

Compilation events (0 events):
No events

GC Heap History (0 events):
No events

Deoptimization events (0 events):
No events

Internal exceptions (0 events):
No events

Events (10 events):
Event: 0.018 loading class java/lang/Short
Event: 0.018 loading class java/lang/Short done
Event: 0.018 loading class java/lang/Integer
Event: 0.018 loading class java/lang/Integer done
Event: 0.018 loading class java/lang/Long
Event: 0.018 loading class java/lang/Long done
Event: 0.019 loading class java/lang/NullPointerException
Event: 0.019 loading class java/lang/NullPointerException done
Event: 0.019 loading class java/lang/ArithmeticException
Event: 0.019 loading class java/lang/ArithmeticException done


Dynamic libraries:
0x00007ff72d4c0000 - 0x00007ff72d4f7000 	C:\Program Files\Java\jdk1.8.0_101\bin\java.exe
0x00007ffcae470000 - 0x00007ffcae631000 	C:\WINDOWS\SYSTEM32\ntdll.dll
0x00007ffcabeb0000 - 0x00007ffcabf5d000 	C:\WINDOWS\system32\KERNEL32.DLL
0x00007ffcaaf60000 - 0x00007ffcab148000 	C:\WINDOWS\system32\KERNELBASE.dll
0x00007ffcae3b0000 - 0x00007ffcae457000 	C:\WINDOWS\system32\ADVAPI32.dll
0x00007ffcabdb0000 - 0x00007ffcabe4d000 	C:\WINDOWS\system32\msvcrt.dll
0x00007ffcabe50000 - 0x00007ffcabeab000 	C:\WINDOWS\system32\sechost.dll
0x00007ffcabc90000 - 0x00007ffcabdac000 	C:\WINDOWS\system32\RPCRT4.dll
0x00007ffcac530000 - 0x00007ffcac686000 	C:\WINDOWS\system32\USER32.dll
0x00007ffcab9c0000 - 0x00007ffcabb46000 	C:\WINDOWS\system32\GDI32.dll
0x00007ffca7320000 - 0x00007ffca7594000 	C:\WINDOWS\WinSxS\amd64_microsoft.windows.common-controls_6595b64144ccf1df_6.0.10586.494_none_a2d8b04ea53e3145\COMCTL32.dll
0x00007ffcae090000 - 0x00007ffcae30d000 	C:\WINDOWS\system32\combase.dll
0x00007ffcaad90000 - 0x00007ffcaadfa000 	C:\WINDOWS\system32\bcryptPrimitives.dll
0x00007ffcae310000 - 0x00007ffcae34b000 	C:\WINDOWS\system32\IMM32.DLL
0x0000000069bb0000 - 0x0000000069be9000 	C:\PROGRA~2\Sophos\SOPHOS~1\SOPHOS~2.DLL
0x00007ffcac230000 - 0x00007ffcac238000 	C:\WINDOWS\system32\PSAPI.DLL
0x0000000067720000 - 0x00000000677f2000 	C:\Program Files\Java\jdk1.8.0_101\jre\bin\msvcr100.dll
0x0000000067d30000 - 0x00000000685ca000 	C:\Program Files\Java\jdk1.8.0_101\jre\bin\server\jvm.dll
0x00007ffc9db10000 - 0x00007ffc9db19000 	C:\WINDOWS\SYSTEM32\WSOCK32.dll
0x00007ffcae020000 - 0x00007ffcae08b000 	C:\WINDOWS\system32\WS2_32.dll
0x00007ffca8cf0000 - 0x00007ffca8d13000 	C:\WINDOWS\SYSTEM32\WINMM.dll
0x00007ffca7a40000 - 0x00007ffca7a4a000 	C:\WINDOWS\SYSTEM32\VERSION.dll
0x00007ffca8c90000 - 0x00007ffca8cbc000 	C:\WINDOWS\SYSTEM32\WINMMBASE.dll
0x00007ffcaae00000 - 0x00007ffcaae43000 	C:\WINDOWS\system32\cfgmgr32.dll
0x0000000067d20000 - 0x0000000067d2f000 	C:\Program Files\Java\jdk1.8.0_101\jre\bin\verify.dll
0x0000000067cf0000 - 0x0000000067d19000 	C:\Program Files\Java\jdk1.8.0_101\jre\bin\java.dll
0x0000000067cd0000 - 0x0000000067ce6000 	C:\Program Files\Java\jdk1.8.0_101\jre\bin\zip.dll

VM Arguments:
jvm_args: -Djava.awt.headless=true -Xmx1024M -Dfile.encoding=windows-1252 -Duser.country=US -Duser.language=en -Duser.variant 
java_command: com.android.dx.command.Main --dex --force-jumbo --num-threads=4 --multi-dex --output D:\Android\ProjectAction\V8\TabbedActivityApp\app\build\intermediates\transforms\dex\debug\folders\1000\5\slice_1 D:\Android\ProjectAction\V8\TabbedActivityApp\app\build\intermediates\transforms\instantRunSlicer\debug\folders\1\5\slice_1
java_class_path (initial): C:\Users\Jenis\AppData\Local\Android\Sdk\build-tools\24.0.0\lib\dx.jar
Launcher Type: SUN_STANDARD

Environment Variables:
PATH=C:\ProgramData\Oracle\Java\javapath;C:\Program Files (x86)\Razer Chroma SDK\bin;C:\Program Files\Razer Chroma SDK\bin;C:\Program Files (x86)\Intel\iCLS Client\;C:\Program Files\Intel\iCLS Client\;C:\Windows\system32;C:\Windows;C:\Windows\System32\Wbem;C:\Windows\System32\WindowsPowerShell\v1.0\;C:\Program Files\Intel\Intel(R) Management Engine Components\DAL;C:\Program Files\Intel\Intel(R) Management Engine Components\IPT;C:\Program Files (x86)\Intel\Intel(R) Management Engine Components\DAL;C:\Program Files (x86)\Intel\Intel(R) Management Engine Components\IPT;C:\WINDOWS\system32;C:\WINDOWS;C:\WINDOWS\System32\Wbem;C:\WINDOWS\System32\WindowsPowerShell\v1.0\;C:\Program Files (x86)\Skype\Phone\;C:\Program Files (x86)\NVIDIA Corporation\PhysX\Common;D:\Matlab\runtime\win64;D:\Matlab\bin;C:\Program Files (x86)\GtkSharp\2.12\bin;C:\Program Files\erl7.2.1\bin;C:\Program Files (x86)\Elixir\bin;C:\Program Files\Git\cmd;C:\Program Files (x86)\Java\jre6\bin;D:\Programs\Miktex\miktex\bin\;C:\Program Files (x86)\Google\google_appengine\
USERNAME=Jenis
OS=Windows_NT
PROCESSOR_IDENTIFIER=Intel64 Family 6 Model 60 Stepping 3, GenuineIntel



---------------  S Y S T E M  ---------------

OS: Windows 10.0 , 64 bit Build 10586 (10.0.10586.0)

CPU:total 4 (4 cores per cpu, 1 threads per core) family 6 model 60 stepping 3, cmov, cx8, fxsr, mmx, sse, sse2, sse3, ssse3, sse4.1, sse4.2, popcnt, avx, avx2, aes, clmul, erms, lzcnt, tsc, tscinvbit, bmi1, bmi2

Memory: 4k page, physical 8324692k(843972k free), swap 15352464k(5968k free)

vm_info: Java HotSpot(TM) 64-Bit Server VM (25.101-b13) for windows-amd64 JRE (1.8.0_101-b13), built on Jun 22 2016 01:21:29 by "java_re" with MS VC++ 10.0 (VS2010)

time: Mon Aug 22 20:56:19 2016
elapsed time: 0 seconds (0d 0h 0m 0s)

